[2026-03-11 19:25:03] sara                 | LOGIN_ATTEMPT                  | sara
[2026-03-11 19:25:03] sara                 | LOGIN_SUCCESS                  | Type: admin | Socket: 4
[2026-03-11 19:25:04] sara                 | GET_UNREAD_COUNT_ATTEMPT       | 
[2026-03-11 19:25:05] sara                 | GET_UNREAD_COUNT_ATTEMPT       | 
[2026-03-11 19:25:06] sara                 | GET_UNREAD_COUNT_ATTEMPT       | 
[2026-03-11 19:25:07] sara                 | GET_UNREAD_COUNT_ATTEMPT       | 
[2026-03-11 19:25:08] sara                 | GET_UNREAD_COUNT_ATTEMPT       | 
[2026-03-11 19:25:09] sara                 | GET_UNREAD_COUNT_ATTEMPT       | 
[2026-03-11 19:25:09] sara                 | SET_PROFILE_ATTEMPT            | PRIVATE
[2026-03-11 19:25:09] sara                 | SET_PROFILE_SUCCESS            | PRIVATE
[2026-03-11 19:25:10] sara                 | GET_UNREAD_COUNT_ATTEMPT       | 
[2026-03-11 19:25:11] sara                 | GET_UNREAD_COUNT_ATTEMPT       | 
[2026-03-11 19:25:12] sara                 | SET_PROFILE_ATTEMPT            | PUBLIC
[2026-03-11 19:25:12] sara                 | SET_PROFILE_SUCCESS            | PUBLIC
[2026-03-11 19:25:12] sara                 | GET_UNREAD_COUNT_ATTEMPT       | 
[2026-03-11 19:25:13] sara                 | GET_UNREAD_COUNT_ATTEMPT       | 
[2026-03-11 19:25:14] sara                 | GET_UNREAD_COUNT_ATTEMPT       | 
[2026-03-11 19:25:14] sara                 | VIEW_MY_PROFILE_ATTEMPT        | 
[2026-03-11 19:25:25] sara                 | GET_UNREAD_COUNT_ATTEMPT       | 
[2026-03-11 19:25:26] sara                 | GET_UNREAD_COUNT_ATTEMPT       | 
[2026-03-11 19:25:27] sara                 | GET_UNREAD_COUNT_ATTEMPT       | 
[2026-03-11 19:25:28] sara                 | GET_UNREAD_COUNT_ATTEMPT       | 
[2026-03-11 19:25:29] sara                 | GET_UNREAD_COUNT_ATTEMPT       | 
[2026-03-11 19:25:30] sara                 | GET_UNREAD_COUNT_ATTEMPT       | 
[2026-03-11 19:25:31] sara                 | GET_UNREAD_COUNT_ATTEMPT       | 
[2026-03-11 19:25:32] sara                 | GET_UNREAD_COUNT_ATTEMPT       | 
[2026-03-11 19:25:33] sara                 | GET_UNREAD_COUNT_ATTEMPT       | 
[2026-03-11 19:25:33] sara                 | VIEW_POSTS_ATTEMPT             | ALL
[2026-03-11 19:25:36] sara                 | VIEW_POSTS_ATTEMPT             | ALL
[2026-03-11 19:25:43] sara                 | GET_UNREAD_COUNT_ATTEMPT       | 
[2026-03-11 19:25:44] sara                 | GET_UNREAD_COUNT_ATTEMPT       | 
[2026-03-11 19:25:45] sara                 | GET_UNREAD_COUNT_ATTEMPT       | 
[2026-03-11 19:25:46] sara                 | GET_CONVERSATIONS_ATTEMPT      | 
[2026-03-11 19:25:48] sara                 | GET_CONVERSATIONS_ATTEMPT      | 
[2026-03-11 19:25:51] sara                 | GET_UNREAD_COUNT_ATTEMPT       | 
[2026-03-11 19:25:52] sara                 | GET_UNREAD_COUNT_ATTEMPT       | 
[2026-03-11 19:25:53] sara                 | GET_UNREAD_COUNT_ATTEMPT       | 
[2026-03-11 19:25:54] sara                 | GET_UNREAD_COUNT_ATTEMPT       | 
[2026-03-11 19:25:55] sara                 | VIEW_POSTS_ATTEMPT             | MY_POSTS
[2026-03-11 19:25:58] sara                 | GET_UNREAD_COUNT_ATTEMPT       | 
[2026-03-11 19:25:59] sara                 | GET_UNREAD_COUNT_ATTEMPT       | 
[2026-03-11 19:26:00] sara                 | GET_UNREAD_COUNT_ATTEMPT       | 
[2026-03-11 19:26:01] sara                 | VIEW_MY_PROFILE_ATTEMPT        | 
[2026-03-11 19:26:03] sara                 | GET_UNREAD_COUNT_ATTEMPT       | 
[2026-03-11 19:26:04] sara                 | GET_UNREAD_COUNT_ATTEMPT       | 
[2026-03-11 19:26:06] sara                 | GET_UNREAD_COUNT_ATTEMPT       | 
[2026-03-11 19:26:07] sara                 | GET_UNREAD_COUNT_ATTEMPT       | 
[2026-03-11 19:26:07] sara                 | VIEW_POSTS_ATTEMPT             | ALL
[2026-03-11 19:26:10] sara                 | GET_UNREAD_COUNT_ATTEMPT       | 
[2026-03-11 19:26:10] sara                 | VIEW_POSTS_ATTEMPT             | MY_POSTS
[2026-03-11 19:26:12] sara                 | GET_UNREAD_COUNT_ATTEMPT       | 
[2026-03-11 19:26:13] sara                 | GET_UNREAD_COUNT_ATTEMPT       | 
[2026-03-11 19:26:14] sara                 | GET_UNREAD_COUNT_ATTEMPT       | 
[2026-03-11 19:26:14] sara                 | VIEW_POSTS_ATTEMPT             | CLOSE_FRIENDS
[2026-03-11 19:26:16] sara                 | GET_UNREAD_COUNT_ATTEMPT       | 
[2026-03-11 19:26:16] sara                 | VIEW_POSTS_ATTEMPT             | FRIENDS
[2026-03-11 19:26:18] sara                 | GET_UNREAD_COUNT_ATTEMPT       | 
[2026-03-11 19:26:19] sara                 | GET_UNREAD_COUNT_ATTEMPT       | 
[2026-03-11 19:26:20] sara                 | GET_UNREAD_COUNT_ATTEMPT       | 
[2026-03-11 19:26:20] sara                 | VIEW_MY_PROFILE_ATTEMPT        | 
[2026-03-11 19:26:23] sara                 | GET_UNREAD_COUNT_ATTEMPT       | 
[2026-03-11 19:26:24] sara                 | GET_UNREAD_COUNT_ATTEMPT       | 
[2026-03-11 19:26:25] sara                 | GET_UNREAD_COUNT_ATTEMPT       | 
[2026-03-11 19:26:26] sara                 | GET_UNREAD_COUNT_ATTEMPT       | 
[2026-03-11 19:26:27] sara                 | GET_UNREAD_COUNT_ATTEMPT       | 
[2026-03-11 19:26:27] sara                 | VIEW_ALL_USERS_ATTEMPT         | 
[2026-03-11 19:26:33] sara                 | GET_UNREAD_COUNT_ATTEMPT       | 
[2026-03-11 19:26:35] sara                 | GET_UNREAD_COUNT_ATTEMPT       | 
[2026-03-11 19:26:36] sara                 | GET_UNREAD_COUNT_ATTEMPT       | 
[2026-03-11 19:26:37] sara                 | GET_UNREAD_COUNT_ATTEMPT       | 
[2026-03-11 19:26:37] sara                 | SET_PROFILE_ATTEMPT            | PUBLIC
[2026-03-11 19:26:37] sara                 | SET_PROFILE_SUCCESS            | PUBLIC
[2026-03-11 19:26:38] sara                 | GET_UNREAD_COUNT_ATTEMPT       | 
[2026-03-11 19:26:39] sara                 | GET_UNREAD_COUNT_ATTEMPT       | 
[2026-03-11 19:26:39] sara                 | VIEW_MY_PROFILE_ATTEMPT        | 
[2026-03-11 19:26:44] sara                 | GET_UNREAD_COUNT_ATTEMPT       | 
[2026-03-11 19:26:44] sara                 | VIEW_POSTS_ATTEMPT             | ALL
[2026-03-11 19:26:46] sara                 | GET_UNREAD_COUNT_ATTEMPT       | 
[2026-03-11 19:26:47] sara                 | GET_UNREAD_COUNT_ATTEMPT       | 
[2026-03-11 19:26:47] sara                 | VIEW_POSTS_ATTEMPT             | MY_POSTS
[2026-03-11 19:26:47] sara                 | VIEW_ALL_USERS_ATTEMPT         | 
[2026-03-11 19:26:50] sara                 | GET_UNREAD_COUNT_ATTEMPT       | 
[2026-03-11 19:26:51] sara                 | GET_UNREAD_COUNT_ATTEMPT       | 
[2026-03-11 19:26:52] sara                 | GET_UNREAD_COUNT_ATTEMPT       | 
[2026-03-11 19:26:53] sara                 | GET_UNREAD_COUNT_ATTEMPT       | 
[2026-03-11 19:26:54] sara                 | GET_UNREAD_COUNT_ATTEMPT       | 
[2026-03-11 19:26:55] sara                 | GET_UNREAD_COUNT_ATTEMPT       | 
[2026-03-11 19:26:56] sara                 | GET_UNREAD_COUNT_ATTEMPT       | 
[2026-03-11 19:28:00] maria                | REGISTER_ATTEMPT               | maria
[2026-03-11 19:28:00] maria                | REGISTER_SUCCESS               | Type: USER
[2026-03-11 19:28:04] maria                | LOGIN_ATTEMPT                  | maria
[2026-03-11 19:28:04] maria                | LOGIN_SUCCESS                  | Type: user | Socket: 5
[2026-03-11 19:28:05] maria                | GET_UNREAD_COUNT_ATTEMPT       | 
[2026-03-11 19:28:06] maria                | GET_UNREAD_COUNT_ATTEMPT       | 
[2026-03-11 19:28:07] maria                | GET_UNREAD_COUNT_ATTEMPT       | 
[2026-03-11 19:28:08] maria                | SET_PROFILE_ATTEMPT            | PRIVATE
[2026-03-11 19:28:08] maria                | SET_PROFILE_SUCCESS            | PRIVATE
[2026-03-11 19:28:08] maria                | GET_UNREAD_COUNT_ATTEMPT       | 
[2026-03-11 19:28:09] maria                | GET_UNREAD_COUNT_ATTEMPT       | 
[2026-03-11 19:28:10] maria                | GET_UNREAD_COUNT_ATTEMPT       | 
[2026-03-11 19:28:11] maria                | GET_UNREAD_COUNT_ATTEMPT       | 
[2026-03-11 19:28:12] maria                | GET_UNREAD_COUNT_ATTEMPT       | 
[2026-03-11 19:28:13] maria                | GET_UNREAD_COUNT_ATTEMPT       | 
[2026-03-11 19:28:14] maria                | GET_UNREAD_COUNT_ATTEMPT       | 
[2026-03-11 19:28:15] maria                | GET_UNREAD_COUNT_ATTEMPT       | 
[2026-03-11 19:28:16] maria                | GET_UNREAD_COUNT_ATTEMPT       | 
[2026-03-11 19:28:17] maria                | GET_UNREAD_COUNT_ATTEMPT       | 
[2026-03-11 19:28:18] maria                | GET_UNREAD_COUNT_ATTEMPT       | 
[2026-03-11 19:28:19] maria                | GET_UNREAD_COUNT_ATTEMPT       | 
[2026-03-11 19:28:20] sara                 | LOGIN_ATTEMPT                  | sara
[2026-03-11 19:28:20] sara                 | LOGIN_SUCCESS                  | Type: admin | Socket: 4
[2026-03-11 19:28:20] maria                | GET_UNREAD_COUNT_ATTEMPT       | 
[2026-03-11 19:28:21] sara                 | GET_UNREAD_COUNT_ATTEMPT       | 
[2026-03-11 19:28:21] maria                | GET_UNREAD_COUNT_ATTEMPT       | 
[2026-03-11 19:28:22] sara                 | GET_UNREAD_COUNT_ATTEMPT       | 
[2026-03-11 19:28:22] maria                | GET_UNREAD_COUNT_ATTEMPT       | 
[2026-03-11 19:28:23] sara                 | GET_UNREAD_COUNT_ATTEMPT       | 
[2026-03-11 19:28:23] maria                | GET_UNREAD_COUNT_ATTEMPT       | 
[2026-03-11 19:28:24] sara                 | GET_UNREAD_COUNT_ATTEMPT       | 
[2026-03-11 19:28:24] maria                | GET_UNREAD_COUNT_ATTEMPT       | 
[2026-03-11 19:28:25] maria                | GET_UNREAD_COUNT_ATTEMPT       | 
[2026-03-11 19:28:25] sara                 | GET_UNREAD_COUNT_ATTEMPT       | 
[2026-03-11 19:28:26] maria                | GET_UNREAD_COUNT_ATTEMPT       | 
[2026-03-11 19:28:26] sara                 | GET_UNREAD_COUNT_ATTEMPT       | 
[2026-03-11 19:28:27] maria                | GET_UNREAD_COUNT_ATTEMPT       | 
[2026-03-11 19:28:27] sara                 | GET_UNREAD_COUNT_ATTEMPT       | 
[2026-03-11 19:28:28] maria                | GET_UNREAD_COUNT_ATTEMPT       | 
[2026-03-11 19:28:28] sara                 | GET_UNREAD_COUNT_ATTEMPT       | 
[2026-03-11 19:28:29] sara                 | GET_UNREAD_COUNT_ATTEMPT       | 
[2026-03-11 19:28:29] maria                | GET_UNREAD_COUNT_ATTEMPT       | 
[2026-03-11 19:28:30] maria                | GET_UNREAD_COUNT_ATTEMPT       | 
[2026-03-11 19:28:30] sara                 | GET_UNREAD_COUNT_ATTEMPT       | 
[2026-03-11 19:28:31] sara                 | GET_UNREAD_COUNT_ATTEMPT       | 
[2026-03-11 19:28:31] maria                | GET_UNREAD_COUNT_ATTEMPT       | 
[2026-03-11 19:28:32] sara                 | GET_UNREAD_COUNT_ATTEMPT       | 
[2026-03-11 19:28:32] maria                | GET_UNREAD_COUNT_ATTEMPT       | 
[2026-03-11 19:28:33] maria                | GET_UNREAD_COUNT_ATTEMPT       | 
[2026-03-11 19:28:33] sara                 | GET_UNREAD_COUNT_ATTEMPT       | 
[2026-03-11 19:28:34] maria                | GET_UNREAD_COUNT_ATTEMPT       | 
[2026-03-11 19:28:34] sara                 | GET_UNREAD_COUNT_ATTEMPT       | 
[2026-03-11 19:28:35] maria                | GET_UNREAD_COUNT_ATTEMPT       | 
[2026-03-11 19:28:35] sara                 | GET_UNREAD_COUNT_ATTEMPT       | 
[2026-03-11 19:28:36] maria                | GET_UNREAD_COUNT_ATTEMPT       | 
[2026-03-11 19:28:36] sara                 | GET_UNREAD_COUNT_ATTEMPT       | 
[2026-03-11 19:28:37] sara                 | GET_UNREAD_COUNT_ATTEMPT       | 
[2026-03-11 19:28:37] maria                | GET_UNREAD_COUNT_ATTEMPT       | 
[2026-03-11 19:28:38] maria                | GET_UNREAD_COUNT_ATTEMPT       | 
[2026-03-11 19:28:38] sara                 | GET_UNREAD_COUNT_ATTEMPT       | 
[2026-03-11 19:28:39] maria                | GET_UNREAD_COUNT_ATTEMPT       | 
[2026-03-11 19:28:39] sara                 | GET_UNREAD_COUNT_ATTEMPT       | 
[2026-03-11 19:28:40] maria                | GET_UNREAD_COUNT_ATTEMPT       | 
[2026-03-11 19:28:40] sara                 | GET_UNREAD_COUNT_ATTEMPT       | 
[2026-03-11 19:28:41] sara                 | GET_UNREAD_COUNT_ATTEMPT       | 
[2026-03-11 19:28:41] maria                | GET_UNREAD_COUNT_ATTEMPT       | 
[2026-03-11 19:28:42] maria                | GET_UNREAD_COUNT_ATTEMPT       | 
[2026-03-11 19:28:42] sara                 | GET_UNREAD_COUNT_ATTEMPT       | 
[2026-03-11 19:28:43] maria                | GET_UNREAD_COUNT_ATTEMPT       | 
[2026-03-11 19:28:43] sara                 | GET_UNREAD_COUNT_ATTEMPT       | 
[2026-03-11 19:28:44] maria                | VIEW_MY_PROFILE_ATTEMPT        | 
[2026-03-11 19:28:44] sara                 | GET_UNREAD_COUNT_ATTEMPT       | 
[2026-03-11 19:28:45] sara                 | GET_UNREAD_COUNT_ATTEMPT       | 
[2026-03-11 19:28:46] sara                 | GET_UNREAD_COUNT_ATTEMPT       | 
[2026-03-11 19:28:47] sara                 | GET_UNREAD_COUNT_ATTEMPT       | 
[2026-03-11 19:28:48] sara                 | GET_UNREAD_COUNT_ATTEMPT       | 
[2026-03-11 19:28:49] sara                 | GET_UNREAD_COUNT_ATTEMPT       | 
[2026-03-11 19:28:50] sara                 | GET_UNREAD_COUNT_ATTEMPT       | 
[2026-03-11 19:28:51] sara                 | GET_UNREAD_COUNT_ATTEMPT       | 
[2026-03-11 19:28:52] sara                 | GET_UNREAD_COUNT_ATTEMPT       | 
[2026-03-11 19:28:53] sara                 | GET_UNREAD_COUNT_ATTEMPT       | 
[2026-03-11 19:28:54] sara                 | GET_UNREAD_COUNT_ATTEMPT       | 
[2026-03-11 19:28:55] sara                 | GET_UNREAD_COUNT_ATTEMPT       | 
[2026-03-11 19:28:56] sara                 | GET_UNREAD_COUNT_ATTEMPT       | 
[2026-03-11 19:28:57] sara                 | GET_UNREAD_COUNT_ATTEMPT       | 
[2026-03-11 19:28:58] maria                | VIEW_MY_PROFILE_ATTEMPT        | 
[2026-03-11 19:28:58] sara                 | GET_UNREAD_COUNT_ATTEMPT       | 
[2026-03-11 19:28:59] sara                 | GET_UNREAD_COUNT_ATTEMPT       | 
[2026-03-11 19:29:00] sara                 | GET_UNREAD_COUNT_ATTEMPT       | 
[2026-03-11 19:29:01] sara                 | GET_UNREAD_COUNT_ATTEMPT       | 
[2026-03-11 19:29:02] sara                 | GET_UNREAD_COUNT_ATTEMPT       | 
[2026-03-11 19:29:03] sara                 | GET_UNREAD_COUNT_ATTEMPT       | 
[2026-03-11 19:29:04] sara                 | GET_UNREAD_COUNT_ATTEMPT       | 
[2026-03-11 19:29:05] sara                 | GET_UNREAD_COUNT_ATTEMPT       | 
[2026-03-11 19:29:06] sara                 | GET_UNREAD_COUNT_ATTEMPT       | 
[2026-03-11 19:29:07] sara                 | VIEW_MY_PROFILE_ATTEMPT        | 
[2026-03-11 19:29:12] sara                 | GET_UNREAD_COUNT_ATTEMPT       | 
[2026-03-11 19:29:13] sara                 | GET_UNREAD_COUNT_ATTEMPT       | 
[2026-03-11 19:29:13] maria                | VIEW_MY_PROFILE_ATTEMPT        | 
[2026-03-11 19:29:14] sara                 | GET_UNREAD_COUNT_ATTEMPT       | 
[2026-03-11 19:29:15] sara                 | GET_UNREAD_COUNT_ATTEMPT       | 
[2026-03-11 19:29:16] sara                 | GET_UNREAD_COUNT_ATTEMPT       | 
[2026-03-11 19:29:17] sara                 | GET_UNREAD_COUNT_ATTEMPT       | 
[2026-03-11 19:29:18] sara                 | GET_UNREAD_COUNT_ATTEMPT       | 
[2026-03-11 19:29:19] sara                 | GET_UNREAD_COUNT_ATTEMPT       | 
[2026-03-11 19:53:15] sara                 | LOGIN_ATTEMPT                  | sara
[2026-03-11 19:53:15] sara                 | LOGIN_SUCCESS                  | Type: admin | Socket: 4
[2026-03-11 19:53:16] sara                 | GET_UNREAD_COUNT_ATTEMPT       | 
[2026-03-11 19:53:18] sara                 | GET_UNREAD_COUNT_ATTEMPT       | 
[2026-03-11 19:53:18] sara                 | VIEW_ALL_USERS_ATTEMPT         | 
[2026-03-11 19:53:35] sara                 | VIEW_ALL_USERS_ATTEMPT         | 
[2026-03-11 19:53:38] sara                 | VIEW_ALL_USERS_ATTEMPT         | 
[2026-03-11 19:53:39] sara                 | GET_UNREAD_COUNT_ATTEMPT       | 
[2026-03-11 19:53:40] sara                 | GET_UNREAD_COUNT_ATTEMPT       | 
[2026-03-11 20:28:32] sara                 | LOGIN_ATTEMPT                  | sara
[2026-03-11 20:28:32] sara                 | LOGIN_SUCCESS                  | Type: admin | Socket: 4
[2026-03-11 20:28:33] sara                 | GET_UNREAD_COUNT_ATTEMPT       | 
[2026-03-11 20:28:34] sara                 | GET_UNREAD_COUNT_ATTEMPT       | 
[2026-03-11 20:36:12] sara                 | LOGIN_ATTEMPT                  | sara
[2026-03-11 20:36:12] sara                 | LOGIN_SUCCESS                  | Type: admin | Socket: 4
[2026-03-11 20:36:13] sara                 | GET_UNREAD_COUNT_ATTEMPT       | 
[2026-03-11 20:36:14] sara                 | GET_UNREAD_COUNT_ATTEMPT       | 
[2026-03-11 20:36:15] sara                 | GET_UNREAD_COUNT_ATTEMPT       | 
[2026-03-11 20:36:16] sara                 | GET_UNREAD_COUNT_ATTEMPT       | 
[2026-03-11 20:36:17] sara                 | GET_UNREAD_COUNT_ATTEMPT       | 
